<?xml version="1.0" encoding="utf-8"?><testsuites name="pytest tests"><testsuite name="pytest" errors="0" failures="0" skipped="0" tests="15" time="4.601" timestamp="2026-08-26T16:51:13.247136+00:00" hostname="agent-env-8107fec2-5bc6-46a9-99c7-2bdc0ca193a7"><testcase classname="tests.test_daysync_categories" name="test_default_categories_on_fresh_company" time="1.147" /><testcase classname="tests.test_daysync_categories" name="test_me_and_company_include_categories" time="0.194" /><testcase classname="tests.test_daysync_categories" name="test_employee_can_list_categories" time="0.130" /><testcase classname="tests.test_daysync_categories" name="test_admin_creates_category_generates_key_and_bg" time="0.239" /><testcase classname="tests.test_daysync_categories" name="test_create_dedupes_key_slug" time="0.101" /><testcase classname="tests.test_daysync_categories" name="test_employee_cannot_create_category" time="0.092" /><testcase classname="tests.test_daysync_categories" name="test_employee_cannot_update_category" time="0.077" /><testcase classname="tests.test_daysync_categories" name="test_employee_cannot_delete_category" time="0.069" /><testcase classname="tests.test_daysync_categories" name="test_admin_updates_category_label_and_color" time="0.216" /><testcase classname="tests.test_daysync_categories" name="test_update_missing_category" time="0.083" /><testcase classname="tests.test_daysync_categories" name="test_admin_deletes_category" time="0.176" /><testcase classname="tests.test_daysync_categories" name="test_delete_missing_category" time="0.099" /><testcase classname="tests.test_daysync_categories" name="test_cannot_delete_last_remaining_category" time="1.148" /><testcase classname="tests.test_daysync_categories" name="test_regression_events_task_still_work" time="0.437" /><testcase classname="tests.test_daysync_categories" name="test_regression_users_list" time="0.078" /></testsuite></testsuites>