<?xml version="1.0" encoding="utf-8"?><testsuites name="pytest tests"><testsuite name="pytest" errors="0" failures="0" skipped="0" tests="21" time="5.811" timestamp="2026-08-26T16:51:24.928169+00:00" hostname="agent-env-8107fec2-5bc6-46a9-99c7-2bdc0ca193a7"><testcase classname="tests.test_daysync_auth" name="test_join_invalid_invite" time="0.103" /><testcase classname="tests.test_daysync_auth" name="test_login_wrong_password" time="1.543" /><testcase classname="tests.test_daysync_auth" name="test_login_success" time="0.321" /><testcase classname="tests.test_daysync_auth" name="test_me_requires_token" time="0.072" /><testcase classname="tests.test_daysync_auth" name="test_me_invalid_token" time="0.070" /><testcase classname="tests.test_daysync_auth" name="test_me_returns_user_with_company" time="0.112" /><testcase classname="tests.test_daysync_auth" name="test_patch_company_admin" time="0.080" /><testcase classname="tests.test_daysync_auth" name="test_patch_company_employee_forbidden" time="0.100" /><testcase classname="tests.test_daysync_auth" name="test_rotate_invite_admin" time="0.171" /><testcase classname="tests.test_daysync_auth" name="test_rotate_invite_employee_forbidden" time="0.086" /><testcase classname="tests.test_daysync_auth" name="test_logo_upload_admin_and_serve" time="1.356" /><testcase classname="tests.test_daysync_auth" name="test_logo_upload_employee_forbidden" time="0.075" /><testcase classname="tests.test_daysync_auth" name="test_list_users_scoped" time="0.082" /><testcase classname="tests.test_daysync_auth" name="test_patch_users_me" time="0.088" /><testcase classname="tests.test_daysync_auth" name="test_event_isolation_get" time="0.158" /><testcase classname="tests.test_daysync_auth" name="test_event_isolation_patch" time="0.131" /><testcase classname="tests.test_daysync_auth" name="test_event_isolation_delete" time="0.070" /><testcase classname="tests.test_daysync_auth" name="test_event_isolation_list" time="0.081" /><testcase classname="tests.test_daysync_auth" name="test_shared_visibility_employee_sees_admin_events" time="0.080" /><testcase classname="tests.test_daysync_auth" name="test_private_visibility_employee_only_own" time="0.259" /><testcase classname="tests.test_daysync_auth" name="test_tasks_crud" time="0.457" /></testsuite></testsuites>