<?xml version="1.0" encoding="utf-8"?><testsuites name="pytest tests"><testsuite name="pytest" errors="0" failures="0" skipped="0" tests="19" time="1.426" timestamp="2026-08-26T13:59:31.531384+00:00" hostname="agent-env-8107fec2-5bc6-46a9-99c7-2bdc0ca193a7"><testcase classname="tests.test_daysync_api.TestEvents" name="test_create_event" time="0.300" /><testcase classname="tests.test_daysync_api.TestTasks" name="test_create_task" time="0.288" /><testcase classname="tests.test_daysync_api.TestTasks" name="test_list_tasks" time="0.045" /><testcase classname="tests.test_daysync_api.TestEvents" name="test_list_events" time="0.046" /><testcase classname="tests.test_daysync_api.TestTasks" name="test_get_task" time="0.082" /><testcase classname="tests.test_daysync_api.TestEvents" name="test_get_event" time="0.034" /><testcase classname="tests.test_daysync_api.TestEvents" name="test_filter_events_range" time="0.035" /><testcase classname="tests.test_daysync_api.TestTasks" name="test_filter_tasks_status" time="0.076" /><testcase classname="tests.test_daysync_api.TestEvents" name="test_patch_event" time="0.109" /><testcase classname="tests.test_daysync_api.TestTasks" name="test_filter_tasks_due_range" time="0.076" /><testcase classname="tests.test_daysync_api.TestEvents" name="test_delete_event" time="0.111" /><testcase classname="tests.test_daysync_api.TestTasks" name="test_patch_task_status" time="0.171" /><testcase classname="tests.test_daysync_api.TestEvents" name="test_get_nonexistent_event" time="0.033" /><testcase classname="tests.test_daysync_api.TestAgenda" name="test_agenda_returns_events_and_tasks" time="0.267" /><testcase classname="tests.test_daysync_api.TestTasks" name="test_delete_task" time="0.110" /><testcase classname="tests.test_daysync_api.TestTasks" name="test_get_nonexistent_task" time="0.076" /><testcase classname="tests.test_daysync_api" name="test_root" time="0.078" /><testcase classname="tests.test_daysync_api.TestAgenda" name="test_agenda_empty_day" time="0.074" /><testcase classname="tests.test_daysync_api.TestAgenda" name="test_agenda_missing_date" time="0.072" /></testsuite></testsuites>